<?xml version="1.0" encoding="UTF-8"?>
<testsuite name="TestTr" tests="1" skipped="0" failures="0" errors="0" timestamp="2023-03-24T08:16:36" hostname="LENOVO" time="0.016">
  <properties/>
  <testcase name="testTr()" classname="TestTr" time="0.016"/>
  <system-out><![CDATA[]]></system-out>
  <system-err><![CDATA[]]></system-err>
</testsuite>
